INFO:sim:172 - Generating IP...
Applying current project options...
Finished applying current project options.
WARNING:sim - A core named 'ClkDiv' already exists in the project. Output
   products for this core may be overwritten.
Resolving generics for 'ClkDiv'...
WARNING:sim - A core named 'ClkDiv' already exists in the project. Output
   products for this core may be overwritten.
Applying external generics to 'ClkDiv'...
Delivering associated files for 'ClkDiv'...
WARNING:sim - Component clk_wiz_v3_6 does not have a valid model name for
   Verilog synthesis
Delivering EJava files for 'ClkDiv'...
Delivered 3 files into directory
D:/0PROJECTS/WorkingDirectory/fpga_tester/hardware/verilog/ise_ipcore/clk_div/tm
p/_cg/ClkDiv
Delivered 1 file into directory
D:/0PROJECTS/WorkingDirectory/fpga_tester/hardware/verilog/ise_ipcore/clk_div/tm
p/_cg/ClkDiv
Generating ASY schematic symbol...
Loading device for application Rf_Device from file '6slx150.nph' in environment
C:\Xilinx\14.7\ISE_DS\ISE\.
INFO:sim:949 - Finished generation of ASY schematic symbol.
Generating SYM schematic symbol for 'ClkDiv'...
Generating ISE project...
XCO file found: ClkDiv.xco
XMDF file found: ClkDiv_xmdf.tcl
Adding
D:/0PROJECTS/WorkingDirectory/fpga_tester/hardware/verilog/ise_ipcore/clk_div/tm
p/_cg/ClkDiv.asy -view all -origin_type imported
Adding
D:/0PROJECTS/WorkingDirectory/fpga_tester/hardware/verilog/ise_ipcore/clk_div/tm
p/_cg/ClkDiv.ucf -view all -origin_type created
Adding
D:/0PROJECTS/WorkingDirectory/fpga_tester/hardware/verilog/ise_ipcore/clk_div/tm
p/_cg/ClkDiv.v -view all -origin_type created
INFO:HDLCompiler:1845 - Analyzing Verilog file
   "D:/0PROJECTS/WorkingDirectory/fpga_tester/hardware/verilog/ise_ipcore/clk_di
   v/tmp/_cg/ClkDiv.v" into library work
INFO:ProjectMgmt - Parsing design hierarchy completed successfully.
Adding
D:/0PROJECTS/WorkingDirectory/fpga_tester/hardware/verilog/ise_ipcore/clk_div/tm
p/_cg/ClkDiv.veo -view all -origin_type imported
INFO:TclTasksC:2116 - The automatic calculation of top has been turned-off.
   Please set the new top explicitly by running the "project set top" command.
   To re-calculate the new top automatically, set the "Auto Implementation Top"
   property to true.
Top level has been set to "/ClkDiv"
Generating README file...
Generating FLIST file...
INFO:sim:948 - Finished FLIST file generation.
Launching README viewer...
Moving files to output directory...
Finished moving files to output directory
Wrote CGP file for project 'ClkDiv'.
